# JRE version: Java(TM) SE Runtime Environment (8.0_101-b13) (build 1.8.0_101-b13)
# Java VM: Java HotSpot(TM) 64-Bit Server VM (25.101-b13 mixed mode windows-amd64 compressed oops)
Heap:
 PSYoungGen      total 28672K, used 22794K [0x00000000e0400000, 0x00000000e2400000, 0x0000000100000000)
  eden space 24576K, 92% used [0x00000000e0400000,0x00000000e1a42b48,0x00000000e1c00000)
  from space 4096K, 0% used [0x00000000e1c00000,0x00000000e1c00000,0x00000000e2000000)
  to   space 4096K, 0% used [0x00000000e2000000,0x00000000e2000000,0x00000000e2400000)
 ParOldGen       total 45568K, used 11003K [0x00000000a0c00000, 0x00000000a3880000, 0x00000000e0400000)
  object space 45568K, 24% used [0x00000000a0c00000,0x00000000a16bed40,0x00000000a3880000)
 Metaspace       used 23532K, capacity 25026K, committed 25088K, reserved 1071104K
  class space    used 3261K, capacity 3546K, committed 3584K, reserved 1048576K
GC Heap History (8 events):
Event: 1.258 GC heap before
{Heap before GC invocations=1 (full 0):
 PSYoungGen      total 28672K, used 24576K [0x00000000e0400000, 0x00000000e2400000, 0x0000000100000000)
  eden space 24576K, 100% used [0x00000000e0400000,0x00000000e1c00000,0x00000000e1c00000)
  from space 4096K, 0% used [0x00000000e2000000,0x00000000e2000000,0x00000000e2400000)
  to   space 4096K, 0% used [0x00000000e1c00000,0x00000000e1c00000,0x00000000e2000000)
 ParOldGen       total 65536K, used 0K [0x00000000a0c00000, 0x00000000a4c00000, 0x00000000e0400000)
  object space 65536K, 0% used [0x00000000a0c00000,0x00000000a0c00000,0x00000000a4c00000)
 Metaspace       used 13252K, capacity 13626K, committed 13824K, reserved 1060864K
  class space    used 1580K, capacity 1702K, committed 1792K, reserved 1048576K
Event: 1.263 GC heap after
Heap after GC invocations=1 (full 0):
 PSYoungGen      total 28672K, used 4080K [0x00000000e0400000, 0x00000000e2400000, 0x0000000100000000)
  eden space 24576K, 0% used [0x00000000e0400000,0x00000000e0400000,0x00000000e1c00000)
  from space 4096K, 99% used [0x00000000e1c00000,0x00000000e1ffc0c0,0x00000000e2000000)
  to   space 4096K, 0% used [0x00000000e2000000,0x00000000e2000000,0x00000000e2400000)
 ParOldGen       total 65536K, used 1030K [0x00000000a0c00000, 0x00000000a4c00000, 0x00000000e0400000)
  object space 65536K, 1% used [0x00000000a0c00000,0x00000000a0d01ae8,0x00000000a4c00000)
 Metaspace       used 13252K, capacity 13626K, committed 13824K, reserved 1060864K
  class space    used 1580K, capacity 1702K, committed 1792K, reserved 1048576K
}
Event: 5.776 GC heap before
{Heap before GC invocations=2 (full 0):
 PSYoungGen      total 28672K, used 28627K [0x00000000e0400000, 0x00000000e2400000, 0x0000000100000000)
  eden space 24576K, 99% used [0x00000000e0400000,0x00000000e1bf8f18,0x00000000e1c00000)
  from space 4096K, 99% used [0x00000000e1c00000,0x00000000e1ffc0c0,0x00000000e2000000)
  to   space 4096K, 0% used [0x00000000e2000000,0x00000000e2000000,0x00000000e2400000)
 ParOldGen       total 65536K, used 1030K [0x00000000a0c00000, 0x00000000a4c00000, 0x00000000e0400000)
  object space 65536K, 1% used [0x00000000a0c00000,0x00000000a0d01ae8,0x00000000a4c00000)
 Metaspace       used 19143K, capacity 19924K, committed 20096K, reserved 1067008K
  class space    used 2610K, capacity 2817K, committed 2944K, reserved 1048576K
Event: 5.787 GC heap after
Heap after GC invocations=2 (full 0):
 PSYoungGen      total 28672K, used 4095K [0x00000000e0400000, 0x00000000e2400000, 0x0000000100000000)
  eden space 24576K, 0% used [0x00000000e0400000,0x00000000e0400000,0x00000000e1c00000)
  from space 4096K, 99% used [0x00000000e2000000,0x00000000e23ffde8,0x00000000e2400000)
  to   space 4096K, 0% used [0x00000000e1c00000,0x00000000e1c00000,0x00000000e2000000)
 ParOldGen       total 65536K, used 9521K [0x00000000a0c00000, 0x00000000a4c00000, 0x00000000e0400000)
  object space 65536K, 14% used [0x00000000a0c00000,0x00000000a154c5b8,0x00000000a4c00000)
 Metaspace       used 19143K, capacity 19924K, committed 20096K, reserved 1067008K
  class space    used 2610K, capacity 2817K, committed 2944K, reserved 1048576K
}
Event: 7.505 GC heap before
{Heap before GC invocations=3 (full 0):
 PSYoungGen      total 28672K, used 11042K [0x00000000e0400000, 0x00000000e2400000, 0x0000000100000000)
  eden space 24576K, 28% used [0x00000000e0400000,0x00000000e0ac8c20,0x00000000e1c00000)
  from space 4096K, 99% used [0x00000000e2000000,0x00000000e23ffde8,0x00000000e2400000)
  to   space 4096K, 0% used [0x00000000e1c00000,0x00000000e1c00000,0x00000000e2000000)
 ParOldGen       total 65536K, used 9521K [0x00000000a0c00000, 0x00000000a4c00000, 0x00000000e0400000)
  object space 65536K, 14% used [0x00000000a0c00000,0x00000000a154c5b8,0x00000000a4c00000)
 Metaspace       used 20202K, capacity 21126K, committed 21248K, reserved 1067008K
  class space    used 2761K, capacity 3004K, committed 3072K, reserved 1048576K
Event: 7.511 GC heap after
Heap after GC invocations=3 (full 0):
 PSYoungGen      total 28672K, used 4078K [0x00000000e0400000, 0x00000000e2400000, 0x0000000100000000)
  eden space 24576K, 0% used [0x00000000e0400000,0x00000000e0400000,0x00000000e1c00000)
  from space 4096K, 99% used [0x00000000e1c00000,0x00000000e1ffbb98,0x00000000e2000000)
  to   space 4096K, 0% used [0x00000000e2000000,0x00000000e2000000,0x00000000e2400000)
 ParOldGen       total 65536K, used 10646K [0x00000000a0c00000, 0x00000000a4c00000, 0x00000000e0400000)
  object space 65536K, 16% used [0x00000000a0c00000,0x00000000a16658f8,0x00000000a4c00000)
 Metaspace       used 20202K, capacity 21126K, committed 21248K, reserved 1067008K
  class space    used 2761K, capacity 3004K, committed 3072K, reserved 1048576K
}
Event: 7.511 GC heap before
{Heap before GC invocations=4 (full 1):
 PSYoungGen      total 28672K, used 4078K [0x00000000e0400000, 0x00000000e2400000, 0x0000000100000000)
  eden space 24576K, 0% used [0x00000000e0400000,0x00000000e0400000,0x00000000e1c00000)
  from space 4096K, 99% used [0x00000000e1c00000,0x00000000e1ffbb98,0x00000000e2000000)
  to   space 4096K, 0% used [0x00000000e2000000,0x00000000e2000000,0x00000000e2400000)
 ParOldGen       total 65536K, used 10646K [0x00000000a0c00000, 0x00000000a4c00000, 0x00000000e0400000)
  object space 65536K, 16% used [0x00000000a0c00000,0x00000000a16658f8,0x00000000a4c00000)
 Metaspace       used 20202K, capacity 21126K, committed 21248K, reserved 1067008K
  class space    used 2761K, capacity 3004K, committed 3072K, reserved 1048576K
Event: 7.554 GC heap after
Heap after GC invocations=4 (full 1):
 PSYoungGen      total 28672K, used 0K [0x00000000e0400000, 0x00000000e2400000, 0x0000000100000000)
  eden space 24576K, 0% used [0x00000000e0400000,0x00000000e0400000,0x00000000e1c00000)
  from space 4096K, 0% used [0x00000000e1c00000,0x00000000e1c00000,0x00000000e2000000)
  to   space 4096K, 0% used [0x00000000e2000000,0x00000000e2000000,0x00000000e2400000)
 ParOldGen       total 45568K, used 11003K [0x00000000a0c00000, 0x00000000a3880000, 0x00000000e0400000)
  object space 45568K, 24% used [0x00000000a0c00000,0x00000000a16bed40,0x00000000a3880000)
 Metaspace       used 20202K, capacity 21126K, committed 21248K, reserved 1067008K
  class space    used 2761K, capacity 3004K, committed 3072K, reserved 1048576K
}

